0 info it worked if it ends with ok
1 verbose cli [ 'C:\\Program Files\\nodejs\\node.exe',
1 verbose cli   'C:\\Program Files\\nodejs\\node_modules\\npm\\bin\\npm-cli.js',
1 verbose cli   'start' ]
2 info using npm@3.10.10
3 info using node@v6.9.5
4 verbose run-script [ 'prestart', 'start', 'poststart' ]
5 info lifecycle pwa-starter-kit@0.8.0~prestart: pwa-starter-kit@0.8.0
6 silly lifecycle pwa-starter-kit@0.8.0~prestart: no script for prestart, continuing
7 info lifecycle pwa-starter-kit@0.8.0~start: pwa-starter-kit@0.8.0
8 verbose lifecycle pwa-starter-kit@0.8.0~start: unsafe-perm in lifecycle true
9 verbose lifecycle pwa-starter-kit@0.8.0~start: PATH: C:\Program Files\nodejs\node_modules\npm\bin\node-gyp-bin;C:\data\sandbox\Polymer\pwa-starter\my-app\node_modules\.bin;C:\Program Files (x86)\cmder\bin;C:\Program Files (x86)\cmder\vendor\conemu-maximus5\ConEmu\Scripts;C:\Program Files (x86)\cmder\vendor\conemu-maximus5;C:\Program Files (x86)\cmder\vendor\conemu-maximus5\ConEmu;C:\Program Files\Docker\Docker\Resources\bin;C:\WINDOWS\system32;C:\WINDOWS;C:\WINDOWS\System32\Wbem;C:\WINDOWS\System32\WindowsPowerShell\v1.0\;C:\Program Files\Microsoft SQL Server\130\Tools\Binn\;C:\Program Files\Microsoft SQL Server\Client SDK\ODBC\130\Tools\Binn\;C:\Program Files (x86)\Microsoft SQL Server\130\Tools\Binn\;C:\Program Files\Microsoft SQL Server\130\DTS\Binn\;C:\Program Files (x86)\Microsoft SQL Server\Client SDK\ODBC\130\Tools\Binn\;C:\Program Files (x86)\Microsoft SQL Server\130\DTS\Binn\;C:\Program Files (x86)\Microsoft SQL Server\130\Tools\Binn\ManagementStudio\;C:\Program Files\Microsoft\Web Platform Installer\;C:\Program Files\Microsoft SQL Server\110\Tools\Binn\;C:\Program Files (x86)\Microsoft Emulator Manager\1.0\;C:\Program Files\nodejs\;C:\Program Files\dotnet\;C:\Program Files (x86)\Microsoft SQL Server\140\Tools\Binn\;C:\Program Files (x86)\Microsoft SQL Server\140\DTS\Binn\;C:\Program Files (x86)\Microsoft SQL Server\140\Tools\Binn\ManagementStudio\;C:\Program Files (x86)\Skype\Phone\;C:\Program Files\Git\cmd;C:\WINDOWS\System32\OpenSSH\;C:\Users\PiusWilli\AppData\Local\Microsoft\WindowsApps;C:\Program Files (x86)\Sophos\Sophos SSL VPN Client\bin;C:\Users\PiusWilli\AppData\Roaming\npm;C:\Program Files\Microsoft VS Code\bin;C:\DevTools\ngrok;%DASHLANE_DLL_DIR%;C:\Program Files\Git\usr\bin;C:\Program Files\Git\usr\share\vim\vim74;C:\Program Files (x86)\cmder\
10 verbose lifecycle pwa-starter-kit@0.8.0~start: CWD: C:\data\sandbox\Polymer\pwa-starter\my-app
11 silly lifecycle pwa-starter-kit@0.8.0~start: Args: [ '/d /s /c', 'polymer serve' ]
12 silly lifecycle pwa-starter-kit@0.8.0~start: Returned: code: 1  signal: null
13 info lifecycle pwa-starter-kit@0.8.0~start: Failed to exec start script
14 verbose stack Error: pwa-starter-kit@0.8.0 start: `polymer serve`
14 verbose stack Exit status 1
14 verbose stack     at EventEmitter.<anonymous> (C:\Program Files\nodejs\node_modules\npm\lib\utils\lifecycle.js:255:16)
14 verbose stack     at emitTwo (events.js:106:13)
14 verbose stack     at EventEmitter.emit (events.js:191:7)
14 verbose stack     at ChildProcess.<anonymous> (C:\Program Files\nodejs\node_modules\npm\lib\utils\spawn.js:40:14)
14 verbose stack     at emitTwo (events.js:106:13)
14 verbose stack     at ChildProcess.emit (events.js:191:7)
14 verbose stack     at maybeClose (internal/child_process.js:877:16)
14 verbose stack     at Process.ChildProcess._handle.onexit (internal/child_process.js:226:5)
15 verbose pkgid pwa-starter-kit@0.8.0
16 verbose cwd C:\data\sandbox\Polymer\pwa-starter\my-app
17 error Windows_NT 10.0.17134
18 error argv "C:\\Program Files\\nodejs\\node.exe" "C:\\Program Files\\nodejs\\node_modules\\npm\\bin\\npm-cli.js" "start"
19 error node v6.9.5
20 error npm  v3.10.10
21 error code ELIFECYCLE
22 error pwa-starter-kit@0.8.0 start: `polymer serve`
22 error Exit status 1
23 error Failed at the pwa-starter-kit@0.8.0 start script 'polymer serve'.
23 error Make sure you have the latest version of node.js and npm installed.
23 error If you do, this is most likely a problem with the pwa-starter-kit package,
23 error not with npm itself.
23 error Tell the author that this fails on your system:
23 error     polymer serve
23 error You can get information on how to open an issue for this project with:
23 error     npm bugs pwa-starter-kit
23 error Or if that isn't available, you can get their info via:
23 error     npm owner ls pwa-starter-kit
23 error There is likely additional logging output above.
24 verbose exit [ 1, true ]
